#-----------------------------------------------------------
# Vivado v2019.2 (64-bit)
# SW Build 2708876 on Wed Nov  6 21:40:23 MST 2019
# IP Build 2700528 on Thu Nov  7 00:09:20 MST 2019
# Start of session at: Fri Dec 12 15:03:36 2025
# Process ID: 17132
# Current directory: E:/OUSL/5th Year/EEX7436/EEX7436 Design Project/DPP
# Command line: vivado.exe -gui_launcher_event rodinguilauncherevent4936 E:\OUSL\5th Year\EEX7436\EEX7436 Design Project\DPP\DPP.xpr
# Log file: E:/OUSL/5th Year/EEX7436/EEX7436 Design Project/DPP/vivado.log
# Journal file: E:/OUSL/5th Year/EEX7436/EEX7436 Design Project/DPP\vivado.jou
#-----------------------------------------------------------
start_gui
open_project {E:/OUSL/5th Year/EEX7436/EEX7436 Design Project/DPP/DPP.xpr}
WARNING: [Board 49-91] Board repository path '/u/estay/.Xilinx/Vivado/2023.1/xhub/board_store/xilinx_board_store' does not exist, it will not be used to search board files.
Scanning sources...
Finished scanning sources
WARNING: [filemgmt 56-3] Board Part Repository Path: Could not find the directory 'E:/OUSL/5th Year/AppData/Roaming/Xilinx/Vivado/Nizam/AppData/Roaming/Xilinx/Vivado/2019.2/xhub/board_store'.
WARNING: [filemgmt 56-3] Board Part Repository Path: Could not find the directory 'E:/OUSL/5th Year/AppData/Roaming/Xilinx/Vivado/Nizam/AppData/Roaming/Xilinx/Vivado/{C:/Users/Fazeel'.
WARNING: [filemgmt 56-3] Board Part Repository Path: Could not find the directory 'E:/OUSL/5th Year/AppData/Roaming/Xilinx/Vivado/Nizam/AppData/Roaming/Xilinx/Vivado/Nizam/AppData/Roaming/Xilinx/Vivado/2019.2/xhub/board_store}'.
WARNING: [filemgmt 56-3] Board Part Repository Path: Could not find the directory 'E:/u/estay/.Xilinx/Vivado/2023.1/xhub/board_store/xilinx_board_store'.
INFO: [IP_Flow 19-234] Refreshing IP repositories
INFO: [IP_Flow 19-1704] No user IP repositories specified
INFO: [IP_Flow 19-2313] Loaded Vivado IP repository 'C:/Vivado/Vivado/2019.2/data/ip'.
open_project: Time (s): cpu = 00:00:29 ; elapsed = 00:00:12 . Memory (MB): peak = 932.250 ; gain = 259.957
update_compile_order -fileset sources_1
WARNING: [IP_Flow 19-4067] Ignoring invalid widget type specified checkbox.Providing a default widget
WARNING: [IP_Flow 19-4067] Ignoring invalid widget type specified checkbox.Providing a default widget
WARNING: [IP_Flow 19-4067] Ignoring invalid widget type specified checkbox.Providing a default widget
WARNING: [IP_Flow 19-4067] Ignoring invalid widget type specified checkbox.Providing a default widget
WARNING: [IP_Flow 19-4067] Ignoring invalid widget type specified checkbox.Providing a default widget
WARNING: [IP_Flow 19-4067] Ignoring invalid widget type specified checkbox.Providing a default widget
exit
INFO: [Common 17-206] Exiting Vivado at Fri Dec 12 15:15:41 2025...
